     1                                  bits 32
     2                                  
     3                                  segment code use32 public code
     4                                  global subsecventa
     5                                  
     6                                  subsecventa:
     7 00000000 8B7C2404                        mov edi, [esp+4] ; edi=string auxiliar
     8 00000004 8B742408                        mov esi, [esp+8] ; esi= string principal 
     9                                            
    10                                          ;caut prima litera din string-ul principal
    11 00000008 8A06                            mov al, [esi]
    12 0000000A E828000000                      call cauta
    13 0000000F 83FB00                          cmp ebx, 0
    14 00000012 7420                            je nu_e_subsit
    15                                        
    16                                      
    17 00000014 46                              inc esi
    18 00000015 47                              inc edi 
    19 00000016 BB00000000                      mov ebx, 0
    20                                          saltut:
    21 0000001B 8A17                                mov dl, [edi]
    22 0000001D 80FA00                              cmp dl, 0
    23 00000020 7412                                je nu_e_subsit
    24                                              
    25 00000022 8A06                                mov al, [esi]
    26 00000024 38D0                                cmp al, dl 
    27 00000026 750C                                jne nu_e_subsit
    28 00000028 47                                  inc edi
    29 00000029 46                                  inc esi 
    30 0000002A 803E00                              cmp byte [esi], 0 
    31 0000002D 75EC                                jne saltut
    32                                              
    33                                            
    34                                            
    35                                      este:
    36 0000002F BB01000000                      mov ebx, 1
    37                                          
    38                                      nu_e_subsit:
    39 00000034 C20800                          ret 4*2
    40                                          
    41                                          
    42                                      cauta:
    43 00000037 BB00000000                      mov ebx, 0 
    44                                          jump:
    45 0000003C 8A17                                mov dl, [edi]
    46 0000003E 38D0                                cmp al, dl 
    47 00000040 7408                                je exista
    48 00000042 47                                  inc edi 
    49 00000043 803F00                              cmp byte [edi],0 
    50 00000046 75F4                                jne jump
    51                                              
    52 00000048 EB05                            jmp nu_exista
    53                                          
    54                                      exista:
    55 0000004A BB01000000                      mov ebx, 1
    56                                   
    57                                          
    58                                      nu_exista:
    59 0000004F C20800                          ret 4*2
