     1                                  bits 32
     2                                  
     3                                  global start
     4                                  
     5                                  extern exit, scanf, fopen, fclose, fprintf
     6                                  import exit msvcrt.dll
     7                                  import scanf msvcrt.dll
     8                                  import fclose msvcrt.dll
     9                                  import fopen msvcrt.dll
    10                                  import fprintf msvcrt.dll
    11                                  
    12                                  ; Sa se citeasca de la tastatura un nume de fisier si un text.
    13                                  ; Sa se creeze un fisier cu numele dat in directorul curent si sa se scrie textul in acel fisier.
    14                                  ; Observatii: Numele de fisier este de maxim 30 de caractere. Textul este de maxim 120 de caractere.
    15                                  section data use32 class=data
    16                                      len1 equ 31
    17 00000000 00<rept>                    nume_fisier times len1 db 0
    18 0000001F 257300                      format db '%s', 0 ; Format specifier for string input
    19                                      len2 equ 121 ;atentie la 0 
    20 00000022 00<rept>                    text times len2 db 0
    21 0000009B 7700                        mod_acces db 'w', 0
    22 0000009D FFFFFFFF                    descriptor_fisier dd -1
    23                                  
    24                                  section code use32 class=code
    25                                  start:
    26                                      ; Citeste numele fisierului de la tastatura
    27 00000000 68[00000000]                push dword nume_fisier
    28 00000005 68[1F000000]                push dword format
    29 0000000A FF15[00000000]              call [scanf]
    30 00000010 83C408                      add esp, 4 * 2
    31                                  
    32                                      ; Citeste textul de la tastatura
    33 00000013 68[22000000]                push dword text
    34 00000018 68[1F000000]                push dword format
    35 0000001D FF15[00000000]              call [scanf]
    36 00000023 83C408                      add esp, 4 * 2 ;outeam aici sa pun %s%s in format ca sa am doua stringuri de cititi (ordine inversa)
    37                                  
    38                                      ; Deschide fisierul pentru scriere
    39 00000026 68[9B000000]                push dword mod_acces
    40 0000002B 68[00000000]                push dword nume_fisier
    41 00000030 FF15[00000000]              call [fopen]
    42 00000036 83C408                      add esp, 4 * 2
    43 00000039 A3[9D000000]                mov [descriptor_fisier], eax
    44                                  
    45 0000003E 83F800                      cmp eax, 0
    46 00000041 7423                        je final
    47                                  
    48                                      ; Scrie textul in fisier
    49 00000043 68[22000000]                push dword text
    50 00000048 FF35[9D000000]              push dword [descriptor_fisier]
    51 0000004E FF15[00000000]              call [fprintf]
    52 00000054 83C408                      add esp, 4 * 2
    53                                  
    54                                      ; Inchide fisierul
    55 00000057 FF35[9D000000]              push dword [descriptor_fisier]
    56 0000005D FF15[00000000]              call [fclose]
    57 00000063 83C404                      add esp, 4
    58                                  
    59                                  final:
    60 00000066 6A00                        push dword 0
    61 00000068 FF15[00000000]              call [exit]
